<?xml version="1.0" encoding="UTF-8"?>
<testng-results skipped="0" failed="0" ignored="0" total="1" passed="1">
  <reporter-output>
  </reporter-output>
  <suite name="Default suite" duration-ms="17042" started-at="2017-02-02T16:50:26Z" finished-at="2017-02-02T16:50:43Z">
    <groups>
    </groups>
    <test name="Default test" duration-ms="17042" started-at="2017-02-02T16:50:26Z" finished-at="2017-02-02T16:50:43Z">
      <class name="FirstTestNG">
        <test-method status="PASS" signature="f()[pri:0, instance:FirstTestNG@acaea5]" name="f" duration-ms="17009" started-at="2017-02-02T14:50:26Z" finished-at="2017-02-02T14:50:43Z">
          <reporter-output>
          </reporter-output>
        </test-method> <!-- f -->
      </class> <!-- FirstTestNG -->
    </test> <!-- Default test -->
  </suite> <!-- Default suite -->
</testng-results>
